<?xml version="1.0" encoding="UTF-8"?>
<!-- Generated by org.testng.reporters.JUnitXMLReporter -->
<testsuite ignored="0" hostname="MaheshPC" failures="0" tests="3" name="Default test" time="26.315" errors="0" timestamp="2023-02-06T15:44:01 IST">
  <testcase classname="testNG.TestNgTestClass" name="cookiesPolcy" time="3.641"/>
  <testcase classname="testNG.TestNgTestClass" name="privacyPolicy" time="3.865"/>
  <testcase classname="testNG.TestNgTestClass" name="signupPage" time="0.819"/>
</testsuite> <!-- Default test -->
