<?xml version="1.0" encoding="UTF-8"?>
<testng-results ignored="0" total="1" passed="0" failed="1" skipped="0">
  <reporter-output>
  </reporter-output>
  <suite started-at="2023-02-18T10:18:43 IST" name="Default suite" finished-at="2023-02-18T10:18:46 IST" duration-ms="3016">
    <groups>
    </groups>
    <test started-at="2023-02-18T10:18:43 IST" name="Default test" finished-at="2023-02-18T10:18:46 IST" duration-ms="3016">
      <class name="testForPolicy.PolicyBazar">
        <test-method is-config="true" signature="openBrowser()[pri:0, instance:testForPolicy.PolicyBazar@7a69b07]" started-at="2023-02-18T10:18:43 IST" name="openBrowser" finished-at="2023-02-18T10:18:46 IST" duration-ms="2712" status="PASS">
          <reporter-output>
          </reporter-output>
        </test-method> <!-- openBrowser -->
        <test-method signature="verifyView()[pri:0, instance:testForPolicy.PolicyBazar@7a69b07]" started-at="2023-02-18T10:18:46 IST" name="verifyView" data-provider="TermInsure" finished-at="2023-02-18T10:18:46 IST" duration-ms="14" status="FAIL">
          <exception class="org.testng.internal.reflect.MethodMatcherException">
            <message>
              <![CDATA[
[public void testForPolicy.PolicyBazar.verifyView() throws java.lang.InterruptedException] has no parameters defined but was found to be using a data provider (either explicitly specified or inherited from class level annotation).
Data provider mismatch
Method: verifyView([])
Arguments: [(java.lang.String) Megha,(java.lang.String) 06-03-1997,(java.lang.String) 7276844423,(java.lang.String) Valid]]]>
            </message>
            <full-stacktrace>
              <![CDATA[org.testng.internal.reflect.MethodMatcherException: 
[public void testForPolicy.PolicyBazar.verifyView() throws java.lang.InterruptedException] has no parameters defined but was found to be using a data provider (either explicitly specified or inherited from class level annotation).
Data provider mismatch
Method: verifyView([])
Arguments: [(java.lang.String) Megha,(java.lang.String) 06-03-1997,(java.lang.String) 7276844423,(java.lang.String) Valid]
at org.testng.internal.reflect.DataProviderMethodMatcher.getConformingArguments(DataProviderMethodMatcher.java:43)
at org.testng.internal.Parameters.injectParameters(Parameters.java:914)
at org.testng.internal.MethodRunner.runInSequence(MethodRunner.java:34)
at org.testng.internal.TestInvoker$MethodInvocationAgent.invoke(TestInvoker.java:824)
at org.testng.internal.TestInvoker.invokeTestMethods(TestInvoker.java:146)
at org.testng.internal.TestMethodWorker.invokeTestMethods(TestMethodWorker.java:146)
at org.testng.internal.TestMethodWorker.run(TestMethodWorker.java:128)
at java.base/java.util.ArrayList.forEach(ArrayList.java:1511)
at org.testng.TestRunner.privateRun(TestRunner.java:794)
at org.testng.TestRunner.run(TestRunner.java:596)
at org.testng.SuiteRunner.runTest(SuiteRunner.java:377)
at org.testng.SuiteRunner.runSequentially(SuiteRunner.java:371)
at org.testng.SuiteRunner.privateRun(SuiteRunner.java:332)
at org.testng.SuiteRunner.run(SuiteRunner.java:276)
at org.testng.SuiteRunnerWorker.runSuite(SuiteRunnerWorker.java:53)
at org.testng.SuiteRunnerWorker.run(SuiteRunnerWorker.java:96)
at org.testng.TestNG.runSuitesSequentially(TestNG.java:1212)
at org.testng.TestNG.runSuitesLocally(TestNG.java:1134)
at org.testng.TestNG.runSuites(TestNG.java:1063)
at org.testng.TestNG.run(TestNG.java:1031)
at org.testng.remote.AbstractRemoteTestNG.run(AbstractRemoteTestNG.java:115)
at org.testng.remote.RemoteTestNG.initAndRun(RemoteTestNG.java:251)
at org.testng.remote.RemoteTestNG.main(RemoteTestNG.java:77)
]]>
            </full-stacktrace>
          </exception> <!-- org.testng.internal.reflect.MethodMatcherException -->
          <reporter-output>
          </reporter-output>
        </test-method> <!-- verifyView -->
        <test-method is-config="true" signature="tearDown()[pri:0, instance:testForPolicy.PolicyBazar@7a69b07]" started-at="2023-02-18T10:18:46 IST" name="tearDown" finished-at="2023-02-18T10:18:46 IST" duration-ms="235" status="PASS">
          <reporter-output>
          </reporter-output>
        </test-method> <!-- tearDown -->
      </class> <!-- testForPolicy.PolicyBazar -->
    </test> <!-- Default test -->
  </suite> <!-- Default suite -->
</testng-results>
