<?xml version="1.0" encoding="UTF-8"?>
<!-- Generated by org.testng.reporters.JUnitXMLReporter -->
<testsuite ignored="0" hostname="MaheshPC" failures="0" tests="5" name="ChromeTest" time="31.652" errors="0" timestamp="2023-02-08T16:09:56 IST">
  <testcase classname="testNG.TestNgAutomation" name="privacyPolicy" time="4.922"/>
  <testcase classname="testNG.TestNgTestClass" name="cookiesPolcy" time="6.104"/>
  <testcase classname="testNG.TestNgAutomation" name="signupPage1" time="0.907"/>
  <testcase classname="testNG.TestNgTestClass" name="privacyPolicy" time="3.243"/>
  <testcase classname="testNG.TestNgTestClass" name="signupPage" time="1.009"/>
</testsuite> <!-- ChromeTest -->
