<?xml version="1.0" encoding="UTF-8"?>
<!-- Generated by org.testng.reporters.JUnitXMLReporter -->
<testsuite ignored="0" hostname="MaheshPC" failures="0" tests="5" name="Edge" time="22.328" errors="0" timestamp="2023-02-08T16:10:18 IST">
  <testcase classname="testNG.TestNgTestClass" name="cookiesPolcy" time="6.861"/>
  <testcase classname="testNG.TestNgAutomation" name="privacyPolicy" time="6.995"/>
  <testcase classname="testNG.TestNgAutomation" name="signupPage1" time="1.741"/>
  <testcase classname="testNG.TestNgTestClass" name="privacyPolicy" time="2.662"/>
  <testcase classname="testNG.TestNgTestClass" name="signupPage" time="0.59"/>
</testsuite> <!-- Edge -->
