<?xml version="1.0" encoding="UTF-8"?>
<!-- Generated by org.testng.reporters.JUnitXMLReporter -->
<testsuite ignored="3" hostname="MaheshPC" failures="0" tests="2" name="Test1" time="29.534" errors="0" timestamp="2023-01-31T23:34:45 IST">
  <testcase classname="testNG.TestNgTestClass" name="signupPage" time="2.198"/>
  <testcase classname="testNG.TestNgAutomation" name="signupPage1" time="2.984"/>
  <testcase classname="testNG.TestNgTestClass" name="cookiesPolcy" time="0.0">
    <ignored/>
  </testcase> <!-- cookiesPolcy -->
  <testcase classname="testNG.TestNgAutomation" name="privacyPolicy" time="0.0">
    <ignored/>
  </testcase> <!-- privacyPolicy -->
  <testcase classname="testNG.TestNgTestClass" name="privacyPolicy" time="0.0">
    <ignored/>
  </testcase> <!-- privacyPolicy -->
</testsuite> <!-- Test1 -->
